{
  "generated_at": "2026-01-26T09:30:27.378967+00:00",
  "total_tests": 14,
  "summary": {
    "passed": 8,
    "failed": 5,
    "not_started": 0,
    "inconclusive": 1
  },
  "regressions": [],
  "tests": [
    {
      "test_path": "phase_11/T21-typescript-conventions",
      "test_id": "T21-typescript-conventions",
      "name": "T21-typescript-conventions",
      "description": "",
      "current_status": "FAILED",
      "previous_status": "FAILED",
      "last_run": "2026-01-26T01:11:53.778798",
      "has_raw_log": true,
      "has_spec": false
    },
    {
      "test_path": "phase_11/T22-api-endpoint",
      "test_id": "T22-api-endpoint",
      "name": "T22-api-endpoint",
      "description": "",
      "current_status": "FAILED",
      "previous_status": "FAILED",
      "last_run": "2026-01-26T01:11:53.778840",
      "has_raw_log": true,
      "has_spec": false
    },
    {
      "test_path": "phase_11/T23-deploy-prod",
      "test_id": "T23-deploy-prod",
      "name": "T23-deploy-prod",
      "description": "",
      "current_status": "FAILED",
      "previous_status": "FAILED",
      "last_run": "2026-01-26T01:11:53.778865",
      "has_raw_log": true,
      "has_spec": false
    },
    {
      "test_path": "phase_11/T24-pr-reviewer",
      "test_id": "T24-pr-reviewer",
      "name": "T24-pr-reviewer",
      "description": "",
      "current_status": "FAILED",
      "previous_status": "FAILED",
      "last_run": "2026-01-26T01:11:53.778888",
      "has_raw_log": true,
      "has_spec": false
    },
    {
      "test_path": "phase_12/T1-deployment-pipeline",
      "test_id": "T1-deployment-pipeline",
      "name": "T1-deployment-pipeline",
      "description": "",
      "current_status": "PASSED",
      "previous_status": "PASSED",
      "last_run": "2026-01-26T01:11:53.778910",
      "has_raw_log": true,
      "has_spec": false
    },
    {
      "test_path": "phase_12/T2-parallel-analysis",
      "test_id": "T2-parallel-analysis",
      "name": "T2-parallel-analysis",
      "description": "",
      "current_status": "INCONCLUSIVE",
      "previous_status": "INCONCLUSIVE",
      "last_run": "2026-01-26T01:11:53.778931",
      "has_raw_log": true,
      "has_spec": false
    },
    {
      "test_path": "phase_12/T3-distributed-processor",
      "test_id": "T3-distributed-processor",
      "name": "T3-distributed-processor",
      "description": "",
      "current_status": "PASSED",
      "previous_status": "PASSED",
      "last_run": "2026-01-26T01:11:53.778956",
      "has_raw_log": true,
      "has_spec": false
    },
    {
      "test_path": "phase_12/T4-ci-pipeline",
      "test_id": "T4-ci-pipeline",
      "name": "T4-ci-pipeline",
      "description": "",
      "current_status": "FAILED",
      "previous_status": "FAILED",
      "last_run": "2026-01-26T01:11:53.778982",
      "has_raw_log": true,
      "has_spec": false
    },
    {
      "test_path": "phase_12/T5-multi-session",
      "test_id": "T5-multi-session",
      "name": "T5-multi-session",
      "description": "",
      "current_status": "PASSED",
      "previous_status": "PASSED",
      "last_run": "2026-01-26T01:11:53.779004",
      "has_raw_log": true,
      "has_spec": false
    },
    {
      "test_path": "phase_13/security-suite",
      "test_id": "security-suite",
      "name": "security-suite",
      "description": "Security Suite Testing - T1, T2, T3",
      "current_status": "PASSED",
      "previous_status": "NOT_STARTED",
      "last_run": "2026-01-26T00:25:12.000000",
      "has_raw_log": true,
      "has_spec": true
    },
    {
      "test_path": "phase_13/security-suite/T1-security-scan",
      "test_id": "T1-security-scan",
      "name": "Security Scan Command",
      "description": "Test security-scan command functionality",
      "current_status": "PASSED",
      "previous_status": "NOT_STARTED",
      "last_run": "2026-01-26T00:25:12.000000",
      "has_raw_log": true,
      "has_spec": true,
      "notes": "Command executed successfully, identified 10 security issues (3 Critical, 4 High, 3 Medium)"
    },
    {
      "test_path": "phase_13/security-suite/T2-security-auditor",
      "test_id": "T2-security-auditor",
      "name": "Security Auditor Agent",
      "description": "Test security-auditor agent autonomous workflow",
      "current_status": "PASSED",
      "previous_status": "NOT_STARTED",
      "last_run": "2026-01-26T00:25:12.000000",
      "has_raw_log": true,
      "has_spec": true,
      "notes": "Agent operated autonomously, generated comprehensive report with 11 findings categorized by severity"
    },
    {
      "test_path": "phase_13/security-suite/T3-integration",
      "test_id": "T3-integration",
      "name": "Security Suite Integration",
      "description": "Test bidirectional integration between security-auditor agent and security-scan command",
      "current_status": "PASSED",
      "previous_status": "NOT_STARTED",
      "last_run": "2026-01-26T00:25:12.000000",
      "has_raw_log": true,
      "has_spec": true,
      "notes": "Integration verified: security-scan command uses security-auditor agent internally"
    },
    {
      "test_path": "file-search",
      "test_id": "T1-file-search-skill",
      "name": "File Search Skill",
      "description": "Test file-search skill for correct tool selection guidance and portability",
      "current_status": "PASSED",
      "previous_status": "NOT_STARTED",
      "last_run": "2026-01-26T10:22:23.712254",
      "has_raw_log": true,
      "has_spec": true,
      "notes": "Skill loads correctly, provides proper ripgrep/fd/fzf hierarchy guidance"
    }
  ],
  "analysis": {
    "regression_detection_note": "No historical baseline found in git. All failed tests flagged for review.",
    "failed_tests_requiring_review": [
      "phase_11/T21-typescript-conventions",
      "phase_11/T22-api-endpoint",
      "phase_11/T23-deploy-prod",
      "phase_11/T24-pr-reviewer",
      "phase_12/T4-ci-pipeline"
    ],
    "total_failed": 5
  }
}